This file contains any messages produced by compilers while
running configure, to aid debugging if configure makes a mistake.

It was created by edgar configure 0.2.0, which was
generated by GNU Autoconf 2.69.  Invocation command line was

  $ ./configure 

## --------- ##
## Platform. ##
## --------- ##

hostname = bodhi-VirtualBox
uname -m = i686
uname -r = 3.16.0-45-generic
uname -s = Linux
uname -v = #60~14.04.1-Ubuntu SMP Fri Jul 24 21:17:05 UTC 2015

/usr/bin/uname -p = unknown
/bin/uname -X     = unknown

/bin/arch              = unknown
/usr/bin/arch -k       = unknown
/usr/convex/getsysinfo = unknown
/usr/bin/hostinfo      = unknown
/bin/machine           = unknown
/usr/bin/oslevel       = unknown
/bin/universe          = unknown

PATH: /usr/bin
PATH: /usr/local/sbin
PATH: /usr/local/bin
PATH: /usr/sbin
PATH: /usr/bin
PATH: /sbin
PATH: /bin
PATH: /usr/games
PATH: /usr/local/games


## ----------- ##
## Core tests. ##
## ----------- ##

configure:2197: checking build system type
configure:2211: result: i686-pc-linux-gnu
configure:2231: checking host system type
configure:2244: result: i686-pc-linux-gnu
configure:2315: checking for gcc
configure:2331: found /usr/bin/gcc
configure:2342: result: gcc
configure:2571: checking for C compiler version
configure:2580: gcc --version >&5
gcc (Ubuntu 4.8.4-2ubuntu1~14.04) 4.8.4
Copyright (C) 2013 Free Software Foundation, Inc.
This is free software; see the source for copying conditions.  There is NO
warranty; not even for MERCHANTABILITY or FITNESS FOR A PARTICULAR PURPOSE.

configure:2591: $? = 0
configure:2580: gcc -v >&5
Using built-in specs.
COLLECT_GCC=gcc
COLLECT_LTO_WRAPPER=/usr/lib/gcc/i686-linux-gnu/4.8/lto-wrapper
Target: i686-linux-gnu
Configured with: ../src/configure -v --with-pkgversion='Ubuntu 4.8.4-2ubuntu1~14.04' --with-bugurl=file:///usr/share/doc/gcc-4.8/README.Bugs --enable-languages=c,c++,java,go,d,fortran,objc,obj-c++ --prefix=/usr --program-suffix=-4.8 --enable-shared --enable-linker-build-id --libexecdir=/usr/lib --without-included-gettext --enable-threads=posix --with-gxx-include-dir=/usr/include/c++/4.8 --libdir=/usr/lib --enable-nls --with-sysroot=/ --enable-clocale=gnu --enable-libstdcxx-debug --enable-libstdcxx-time=yes --enable-gnu-unique-object --disable-libmudflap --enable-plugin --with-system-zlib --disable-browser-plugin --enable-java-awt=gtk --enable-gtk-cairo --with-java-home=/usr/lib/jvm/java-1.5.0-gcj-4.8-i386/jre --enable-java-home --with-jvm-root-dir=/usr/lib/jvm/java-1.5.0-gcj-4.8-i386 --with-jvm-jar-dir=/usr/lib/jvm-exports/java-1.5.0-gcj-4.8-i386 --with-arch-directory=i386 --with-ecj-jar=/usr/share/java/eclipse-ecj.jar --enable-objc-gc --enable-targets=all --enable-multiarch --disable-werror --with-arch-32=i686 --with-multilib-list=m32,m64,mx32 --with-tune=generic --enable-checking=release --build=i686-linux-gnu --host=i686-linux-gnu --target=i686-linux-gnu
Thread model: posix
gcc version 4.8.4 (Ubuntu 4.8.4-2ubuntu1~14.04) 
configure:2591: $? = 0
configure:2580: gcc -V >&5
gcc: error: unrecognized command line option '-V'
gcc: fatal error: no input files
compilation terminated.
configure:2591: $? = 4
configure:2580: gcc -qversion >&5
gcc: error: unrecognized command line option '-qversion'
gcc: fatal error: no input files
compilation terminated.
configure:2591: $? = 4
configure:2611: checking whether the C compiler works
configure:2633: gcc    conftest.c  >&5
configure:2637: $? = 0
configure:2685: result: yes
configure:2688: checking for C compiler default output file name
configure:2690: result: a.out
configure:2696: checking for suffix of executables
configure:2703: gcc -o conftest    conftest.c  >&5
configure:2707: $? = 0
configure:2729: result: 
configure:2751: checking whether we are cross compiling
configure:2759: gcc -o conftest    conftest.c  >&5
configure:2763: $? = 0
configure:2770: ./conftest
configure:2774: $? = 0
configure:2789: result: no
configure:2794: checking for suffix of object files
configure:2816: gcc -c   conftest.c >&5
configure:2820: $? = 0
configure:2841: result: o
configure:2845: checking whether we are using the GNU C compiler
configure:2864: gcc -c   conftest.c >&5
configure:2864: $? = 0
configure:2873: result: yes
configure:2882: checking whether gcc accepts -g
configure:2902: gcc -c -g  conftest.c >&5
configure:2902: $? = 0
configure:2943: result: yes
configure:2960: checking for gcc option to accept ISO C89
configure:3023: gcc  -c -g -O2  conftest.c >&5
configure:3023: $? = 0
configure:3036: result: none needed
configure:3061: checking whether gcc understands -c and -o together
configure:3083: gcc -c conftest.c -o conftest2.o
configure:3086: $? = 0
configure:3083: gcc -c conftest.c -o conftest2.o
configure:3086: $? = 0
configure:3098: result: yes
configure:3116: checking for library containing strerror
configure:3147: gcc -o conftest -g -O2   conftest.c  >&5
configure:3147: $? = 0
configure:3164: result: none required
configure:3189: checking for a BSD-compatible install
configure:3257: result: /usr/bin/install -c
configure:3268: checking whether build environment is sane
configure:3323: result: yes
configure:3471: checking for a thread-safe mkdir -p
configure:3510: result: /bin/mkdir -p
configure:3517: checking for gawk
configure:3547: result: no
configure:3517: checking for mawk
configure:3533: found /usr/bin/mawk
configure:3544: result: mawk
configure:3555: checking whether make sets $(MAKE)
configure:3577: result: yes
configure:3607: checking for style of include used by make
configure:3635: result: GNU
configure:3669: checking whether make supports nested variables
configure:3686: result: yes
configure:3771: checking dependency style of gcc
configure:3882: result: gcc3
configure:3990: checking for gcc
configure:4017: result: gcc
configure:4246: checking for C compiler version
configure:4255: gcc --version >&5
gcc (Ubuntu 4.8.4-2ubuntu1~14.04) 4.8.4
Copyright (C) 2013 Free Software Foundation, Inc.
This is free software; see the source for copying conditions.  There is NO
warranty; not even for MERCHANTABILITY or FITNESS FOR A PARTICULAR PURPOSE.

configure:4266: $? = 0
configure:4255: gcc -v >&5
Using built-in specs.
COLLECT_GCC=gcc
COLLECT_LTO_WRAPPER=/usr/lib/gcc/i686-linux-gnu/4.8/lto-wrapper
Target: i686-linux-gnu
Configured with: ../src/configure -v --with-pkgversion='Ubuntu 4.8.4-2ubuntu1~14.04' --with-bugurl=file:///usr/share/doc/gcc-4.8/README.Bugs --enable-languages=c,c++,java,go,d,fortran,objc,obj-c++ --prefix=/usr --program-suffix=-4.8 --enable-shared --enable-linker-build-id --libexecdir=/usr/lib --without-included-gettext --enable-threads=posix --with-gxx-include-dir=/usr/include/c++/4.8 --libdir=/usr/lib --enable-nls --with-sysroot=/ --enable-clocale=gnu --enable-libstdcxx-debug --enable-libstdcxx-time=yes --enable-gnu-unique-object --disable-libmudflap --enable-plugin --with-system-zlib --disable-browser-plugin --enable-java-awt=gtk --enable-gtk-cairo --with-java-home=/usr/lib/jvm/java-1.5.0-gcj-4.8-i386/jre --enable-java-home --with-jvm-root-dir=/usr/lib/jvm/java-1.5.0-gcj-4.8-i386 --with-jvm-jar-dir=/usr/lib/jvm-exports/java-1.5.0-gcj-4.8-i386 --with-arch-directory=i386 --with-ecj-jar=/usr/share/java/eclipse-ecj.jar --enable-objc-gc --enable-targets=all --enable-multiarch --disable-werror --with-arch-32=i686 --with-multilib-list=m32,m64,mx32 --with-tune=generic --enable-checking=release --build=i686-linux-gnu --host=i686-linux-gnu --target=i686-linux-gnu
Thread model: posix
gcc version 4.8.4 (Ubuntu 4.8.4-2ubuntu1~14.04) 
configure:4266: $? = 0
configure:4255: gcc -V >&5
gcc: error: unrecognized command line option '-V'
gcc: fatal error: no input files
compilation terminated.
configure:4266: $? = 4
configure:4255: gcc -qversion >&5
gcc: error: unrecognized command line option '-qversion'
gcc: fatal error: no input files
compilation terminated.
configure:4266: $? = 4
configure:4270: checking whether we are using the GNU C compiler
configure:4298: result: yes
configure:4307: checking whether gcc accepts -g
configure:4368: result: yes
configure:4385: checking for gcc option to accept ISO C89
configure:4461: result: none needed
configure:4486: checking whether gcc understands -c and -o together
configure:4523: result: yes
configure:4588: checking for gcc
configure:4615: result: gcc
configure:4844: checking for C compiler version
configure:4853: gcc --version >&5
gcc (Ubuntu 4.8.4-2ubuntu1~14.04) 4.8.4
Copyright (C) 2013 Free Software Foundation, Inc.
This is free software; see the source for copying conditions.  There is NO
warranty; not even for MERCHANTABILITY or FITNESS FOR A PARTICULAR PURPOSE.

configure:4864: $? = 0
configure:4853: gcc -v >&5
Using built-in specs.
COLLECT_GCC=gcc
COLLECT_LTO_WRAPPER=/usr/lib/gcc/i686-linux-gnu/4.8/lto-wrapper
Target: i686-linux-gnu
Configured with: ../src/configure -v --with-pkgversion='Ubuntu 4.8.4-2ubuntu1~14.04' --with-bugurl=file:///usr/share/doc/gcc-4.8/README.Bugs --enable-languages=c,c++,java,go,d,fortran,objc,obj-c++ --prefix=/usr --program-suffix=-4.8 --enable-shared --enable-linker-build-id --libexecdir=/usr/lib --without-included-gettext --enable-threads=posix --with-gxx-include-dir=/usr/include/c++/4.8 --libdir=/usr/lib --enable-nls --with-sysroot=/ --enable-clocale=gnu --enable-libstdcxx-debug --enable-libstdcxx-time=yes --enable-gnu-unique-object --disable-libmudflap --enable-plugin --with-system-zlib --disable-browser-plugin --enable-java-awt=gtk --enable-gtk-cairo --with-java-home=/usr/lib/jvm/java-1.5.0-gcj-4.8-i386/jre --enable-java-home --with-jvm-root-dir=/usr/lib/jvm/java-1.5.0-gcj-4.8-i386 --with-jvm-jar-dir=/usr/lib/jvm-exports/java-1.5.0-gcj-4.8-i386 --with-arch-directory=i386 --with-ecj-jar=/usr/share/java/eclipse-ecj.jar --enable-objc-gc --enable-targets=all --enable-multiarch --disable-werror --with-arch-32=i686 --with-multilib-list=m32,m64,mx32 --with-tune=generic --enable-checking=release --build=i686-linux-gnu --host=i686-linux-gnu --target=i686-linux-gnu
Thread model: posix
gcc version 4.8.4 (Ubuntu 4.8.4-2ubuntu1~14.04) 
configure:4864: $? = 0
configure:4853: gcc -V >&5
gcc: error: unrecognized command line option '-V'
gcc: fatal error: no input files
compilation terminated.
configure:4864: $? = 4
configure:4853: gcc -qversion >&5
gcc: error: unrecognized command line option '-qversion'
gcc: fatal error: no input files
compilation terminated.
configure:4864: $? = 4
configure:4868: checking whether we are using the GNU C compiler
configure:4896: result: yes
configure:4905: checking whether gcc accepts -g
configure:4966: result: yes
configure:4983: checking for gcc option to accept ISO C89
configure:5059: result: none needed
configure:5084: checking whether gcc understands -c and -o together
configure:5121: result: yes
configure:5145: checking how to run the C preprocessor
configure:5176: gcc -E  conftest.c
configure:5176: $? = 0
configure:5190: gcc -E  conftest.c
conftest.c:11:28: fatal error: ac_nonexistent.h: No such file or directory
 #include <ac_nonexistent.h>
                            ^
compilation terminated.
configure:5190: $? = 1
configure: failed program was:
| /* confdefs.h */
| #define PACKAGE_NAME "edgar"
| #define PACKAGE_TARNAME "edgar"
| #define PACKAGE_VERSION "0.2.0"
| #define PACKAGE_STRING "edgar 0.2.0"
| #define PACKAGE_BUGREPORT "dave@gurumeditation.it"
| #define PACKAGE_URL ""
| #define PACKAGE "edgar"
| #define VERSION "0.2.0"
| /* end confdefs.h.  */
| #include <ac_nonexistent.h>
configure:5215: result: gcc -E
configure:5235: gcc -E  conftest.c
configure:5235: $? = 0
configure:5249: gcc -E  conftest.c
conftest.c:11:28: fatal error: ac_nonexistent.h: No such file or directory
 #include <ac_nonexistent.h>
                            ^
compilation terminated.
configure:5249: $? = 1
configure: failed program was:
| /* confdefs.h */
| #define PACKAGE_NAME "edgar"
| #define PACKAGE_TARNAME "edgar"
| #define PACKAGE_VERSION "0.2.0"
| #define PACKAGE_STRING "edgar 0.2.0"
| #define PACKAGE_BUGREPORT "dave@gurumeditation.it"
| #define PACKAGE_URL ""
| #define PACKAGE "edgar"
| #define VERSION "0.2.0"
| /* end confdefs.h.  */
| #include <ac_nonexistent.h>
configure:5278: checking for grep that handles long lines and -e
configure:5336: result: /bin/grep
configure:5341: checking for egrep
configure:5403: result: /bin/grep -E
configure:5408: checking for ANSI C header files
configure:5428: gcc -c -g -O2  conftest.c >&5
configure:5428: $? = 0
configure:5501: gcc -o conftest -g -O2   conftest.c  >&5
configure:5501: $? = 0
configure:5501: ./conftest
configure:5501: $? = 0
configure:5512: result: yes
configure:5520: checking for an ANSI C-conforming const
configure:5586: gcc -c -g -O2  conftest.c >&5
configure:5586: $? = 0
configure:5593: result: yes
configure:5602: checking for __attribute__
configure:5619: gcc -c -g -O2  conftest.c >&5
configure:5619: $? = 0
configure:5632: result: yes
configure:5682: checking how to print strings
configure:5709: result: printf
configure:5730: checking for a sed that does not truncate output
configure:5794: result: /bin/sed
configure:5812: checking for fgrep
configure:5874: result: /bin/grep -F
configure:5909: checking for ld used by gcc
configure:5976: result: /usr/bin/ld
configure:5983: checking if the linker (/usr/bin/ld) is GNU ld
configure:5998: result: yes
configure:6010: checking for BSD- or MS-compatible name lister (nm)
configure:6059: result: /usr/bin/nm -B
configure:6189: checking the name lister (/usr/bin/nm -B) interface
configure:6196: gcc -c -g -O2  conftest.c >&5
configure:6199: /usr/bin/nm -B "conftest.o"
configure:6202: output
00000000 B some_variable
configure:6209: result: BSD nm
configure:6212: checking whether ln -s works
configure:6216: result: yes
configure:6224: checking the maximum length of command line arguments
configure:6355: result: 1572864
configure:6372: checking whether the shell understands some XSI constructs
configure:6382: result: yes
configure:6386: checking whether the shell understands "+="
configure:6392: result: yes
configure:6427: checking how to convert i686-pc-linux-gnu file names to i686-pc-linux-gnu format
configure:6467: result: func_convert_file_noop
configure:6474: checking how to convert i686-pc-linux-gnu file names to toolchain format
configure:6494: result: func_convert_file_noop
configure:6501: checking for /usr/bin/ld option to reload object files
configure:6508: result: -r
configure:6582: checking for objdump
configure:6598: found /usr/bin/objdump
configure:6609: result: objdump
configure:6641: checking how to recognize dependent libraries
configure:6839: result: pass_all
configure:6924: checking for dlltool
configure:6954: result: no
configure:6984: checking how to associate runtime and link libraries
configure:7011: result: printf %s\n
configure:7071: checking for ar
configure:7087: found /usr/bin/ar
configure:7098: result: ar
configure:7135: checking for archiver @FILE support
configure:7152: gcc -c -g -O2  conftest.c >&5
configure:7152: $? = 0
configure:7155: ar cru libconftest.a @conftest.lst >&5
configure:7158: $? = 0
configure:7163: ar cru libconftest.a @conftest.lst >&5
ar: conftest.o: No such file or directory
configure:7166: $? = 1
configure:7178: result: @
configure:7236: checking for strip
configure:7252: found /usr/bin/strip
configure:7263: result: strip
configure:7335: checking for ranlib
configure:7351: found /usr/bin/ranlib
configure:7362: result: ranlib
configure:7464: checking command to parse /usr/bin/nm -B output from gcc object
configure:7584: gcc -c -g -O2  conftest.c >&5
configure:7587: $? = 0
configure:7591: /usr/bin/nm -B conftest.o \| sed -n -e 's/^.*[ ]\([ABCDGIRSTW][ABCDGIRSTW]*\)[ ][ ]*\([_A-Za-z][_A-Za-z0-9]*\)$/\1 \2 \2/p' | sed '/ __gnu_lto/d' \> conftest.nm
configure:7594: $? = 0
configure:7660: gcc -o conftest -g -O2   conftest.c conftstm.o >&5
configure:7663: $? = 0
configure:7701: result: ok
configure:7738: checking for sysroot
configure:7768: result: no
configure:8037: checking for mt
configure:8053: found /bin/mt
configure:8064: result: mt
configure:8087: checking if mt is a manifest tool
configure:8093: mt '-?'
configure:8101: result: no
configure:8743: checking for sys/types.h
configure:8743: gcc -c -g -O2  conftest.c >&5
configure:8743: $? = 0
configure:8743: result: yes
configure:8743: checking for sys/stat.h
configure:8743: gcc -c -g -O2  conftest.c >&5
configure:8743: $? = 0
configure:8743: result: yes
configure:8743: checking for stdlib.h
configure:8743: gcc -c -g -O2  conftest.c >&5
configure:8743: $? = 0
configure:8743: result: yes
configure:8743: checking for string.h
configure:8743: gcc -c -g -O2  conftest.c >&5
configure:8743: $? = 0
configure:8743: result: yes
configure:8743: checking for memory.h
configure:8743: gcc -c -g -O2  conftest.c >&5
configure:8743: $? = 0
configure:8743: result: yes
configure:8743: checking for strings.h
configure:8743: gcc -c -g -O2  conftest.c >&5
configure:8743: $? = 0
configure:8743: result: yes
configure:8743: checking for inttypes.h
configure:8743: gcc -c -g -O2  conftest.c >&5
configure:8743: $? = 0
configure:8743: result: yes
configure:8743: checking for stdint.h
configure:8743: gcc -c -g -O2  conftest.c >&5
configure:8743: $? = 0
configure:8743: result: yes
configure:8743: checking for unistd.h
configure:8743: gcc -c -g -O2  conftest.c >&5
configure:8743: $? = 0
configure:8743: result: yes
configure:8757: checking for dlfcn.h
configure:8757: gcc -c -g -O2  conftest.c >&5
configure:8757: $? = 0
configure:8757: result: yes
configure:8963: checking for objdir
configure:8978: result: .libs
configure:9249: checking if gcc supports -fno-rtti -fno-exceptions
configure:9267: gcc -c -g -O2  -fno-rtti -fno-exceptions conftest.c >&5
cc1: warning: command line option '-fno-rtti' is valid for C++/ObjC++ but not for C [enabled by default]
configure:9271: $? = 0
configure:9284: result: no
configure:9611: checking for gcc option to produce PIC
configure:9618: result: -fPIC -DPIC
configure:9626: checking if gcc PIC flag -fPIC -DPIC works
configure:9644: gcc -c -g -O2  -fPIC -DPIC -DPIC conftest.c >&5
configure:9648: $? = 0
configure:9661: result: yes
configure:9690: checking if gcc static flag -static works
configure:9718: result: yes
configure:9733: checking if gcc supports -c -o file.o
configure:9754: gcc -c -g -O2  -o out/conftest2.o conftest.c >&5
configure:9758: $? = 0
configure:9780: result: yes
configure:9788: checking if gcc supports -c -o file.o
configure:9835: result: yes
configure:9868: checking whether the gcc linker (/usr/bin/ld) supports shared libraries
configure:11025: result: yes
configure:11062: checking whether -lc should be explicitly linked in
configure:11070: gcc -c -g -O2  conftest.c >&5
configure:11073: $? = 0
configure:11088: gcc -shared  -fPIC -DPIC conftest.o  -v -Wl,-soname -Wl,conftest -o conftest 2\>\&1 \| /bin/grep  -lc  \>/dev/null 2\>\&1
configure:11091: $? = 0
configure:11105: result: no
configure:11265: checking dynamic linker characteristics
configure:11765: gcc -o conftest -g -O2   -Wl,-rpath -Wl,/foo conftest.c  >&5
configure:11765: $? = 0
configure:11999: result: GNU/Linux ld.so
configure:12106: checking how to hardcode library paths into programs
configure:12131: result: immediate
configure:12671: checking whether stripping libraries is possible
configure:12676: result: yes
configure:12711: checking if libtool supports shared libraries
configure:12713: result: yes
configure:12716: checking whether to build shared libraries
configure:12737: result: yes
configure:12740: checking whether to build static libraries
configure:12744: result: yes
configure:12849: checking for pkg-config
configure:12867: found /usr/bin/pkg-config
configure:12879: result: /usr/bin/pkg-config
configure:12904: checking pkg-config is at least version 0.9.0
configure:12907: result: yes
configure:12917: checking for EDJE
configure:12924: $PKG_CONFIG --exists --print-errors "edje >= 0.5.0"
configure:12927: $? = 0
configure:12941: $PKG_CONFIG --exists --print-errors "edje >= 0.5.0"
configure:12944: $? = 0
configure:13002: result: yes
configure:13021: checking Which edje_cc to use
configure:13023: result: /usr/bin/edje_cc
configure:13029: checking for E
configure:13036: $PKG_CONFIG --exists --print-errors "enlightenment"
configure:13039: $? = 0
configure:13053: $PKG_CONFIG --exists --print-errors "enlightenment"
configure:13056: $? = 0
configure:13114: result: yes
configure:13122: checking for EO
configure:13129: $PKG_CONFIG --exists --print-errors "eo"
configure:13132: $? = 0
configure:13146: $PKG_CONFIG --exists --print-errors "eo"
configure:13149: $? = 0
configure:13207: result: yes
configure:13222: checking for python3.4
configure:13240: found /usr/bin/python3.4
configure:13252: result: /usr/bin/python3.4
configure:13268: checking for a version of Python >= '2.1.0'
configure:13294: result: yes
configure:13302: checking for a version of Python >= '3.2'
configure:13308: result: yes
configure:13325: checking for the distutils Python package
configure:13329: result: yes
configure:13343: checking for Python include path
configure:13359: result: -I/usr/include/python3.4m
configure:13366: checking for Python library path
configure:13443: result: -L/usr/lib -lpython3.4m
configure:13450: checking for Python site-packages path
configure:13456: result: /usr/lib/python3/dist-packages
configure:13463: checking python extra libraries
configure:13470: result: -lpthread -ldl  -lutil -lm
configure:13477: checking python extra linking flags
configure:13484: result: -Xlinker -export-dynamic -Wl,-O1 -Wl,-Bsymbolic-functions
configure:13491: checking consistency of all components of python development environment
configure:13517: gcc -o conftest -g -O2  -I/usr/include/python3.4m  conftest.c  -L/usr/lib -lpython3.4m -Xlinker -export-dynamic -Wl,-O1 -Wl,-Bsymbolic-functions -lpthread -ldl  -lutil -lm >&5
configure:13517: $? = 0
configure:13534: result: yes
configure:13568: checking python3 module: efl
configure:13573: result: yes
configure:13595: checking python3 module: dbus
configure:13600: result: yes
configure:13740: checking that generated files are newer than configure
configure:13746: result: done
configure:13769: creating ./config.status

## ---------------------- ##
## Running config.status. ##
## ---------------------- ##

This file was extended by edgar config.status 0.2.0, which was
generated by GNU Autoconf 2.69.  Invocation command line was

  CONFIG_FILES    = 
  CONFIG_HEADERS  = 
  CONFIG_LINKS    = 
  CONFIG_COMMANDS = 
  $ ./config.status 

on bodhi-VirtualBox

config.status:1119: creating Makefile
config.status:1119: creating src/Makefile
config.status:1119: creating python/Makefile
config.status:1119: creating module.desktop
config.status:1119: creating config.h
config.status:1348: executing depfiles commands
config.status:1348: executing libtool commands
config.status:1348: executing default commands

## ---------------- ##
## Cache variables. ##
## ---------------- ##

ac_cv___attribute__=yes
ac_cv_build=i686-pc-linux-gnu
ac_cv_c_compiler_gnu=yes
ac_cv_c_const=yes
ac_cv_env_CC_set=
ac_cv_env_CC_value=
ac_cv_env_CFLAGS_set=
ac_cv_env_CFLAGS_value=
ac_cv_env_CPPFLAGS_set=
ac_cv_env_CPPFLAGS_value=
ac_cv_env_CPP_set=
ac_cv_env_CPP_value=
ac_cv_env_EDJE_CFLAGS_set=
ac_cv_env_EDJE_CFLAGS_value=
ac_cv_env_EDJE_LIBS_set=
ac_cv_env_EDJE_LIBS_value=
ac_cv_env_EO_CFLAGS_set=
ac_cv_env_EO_CFLAGS_value=
ac_cv_env_EO_LIBS_set=
ac_cv_env_EO_LIBS_value=
ac_cv_env_E_CFLAGS_set=
ac_cv_env_E_CFLAGS_value=
ac_cv_env_E_LIBS_set=
ac_cv_env_E_LIBS_value=
ac_cv_env_LDFLAGS_set=
ac_cv_env_LDFLAGS_value=
ac_cv_env_LIBS_set=
ac_cv_env_LIBS_value=
ac_cv_env_PKG_CONFIG_LIBDIR_set=
ac_cv_env_PKG_CONFIG_LIBDIR_value=
ac_cv_env_PKG_CONFIG_PATH_set=
ac_cv_env_PKG_CONFIG_PATH_value=
ac_cv_env_PKG_CONFIG_set=
ac_cv_env_PKG_CONFIG_value=
ac_cv_env_PYTHON_VERSION_set=set
ac_cv_env_PYTHON_VERSION_value=3.4
ac_cv_env_build_alias_set=
ac_cv_env_build_alias_value=
ac_cv_env_host_alias_set=
ac_cv_env_host_alias_value=
ac_cv_env_target_alias_set=
ac_cv_env_target_alias_value=
ac_cv_header_dlfcn_h=yes
ac_cv_header_inttypes_h=yes
ac_cv_header_memory_h=yes
ac_cv_header_stdc=yes
ac_cv_header_stdint_h=yes
ac_cv_header_stdlib_h=yes
ac_cv_header_string_h=yes
ac_cv_header_strings_h=yes
ac_cv_header_sys_stat_h=yes
ac_cv_header_sys_types_h=yes
ac_cv_header_unistd_h=yes
ac_cv_host=i686-pc-linux-gnu
ac_cv_objext=o
ac_cv_path_EGREP='/bin/grep -E'
ac_cv_path_FGREP='/bin/grep -F'
ac_cv_path_GREP=/bin/grep
ac_cv_path_PYTHON=/usr/bin/python3.4
ac_cv_path_SED=/bin/sed
ac_cv_path_ac_pt_PKG_CONFIG=/usr/bin/pkg-config
ac_cv_path_install='/usr/bin/install -c'
ac_cv_path_mkdir=/bin/mkdir
ac_cv_prog_AWK=mawk
ac_cv_prog_CPP='gcc -E'
ac_cv_prog_ac_ct_AR=ar
ac_cv_prog_ac_ct_CC=gcc
ac_cv_prog_ac_ct_MANIFEST_TOOL=mt
ac_cv_prog_ac_ct_OBJDUMP=objdump
ac_cv_prog_ac_ct_RANLIB=ranlib
ac_cv_prog_ac_ct_STRIP=strip
ac_cv_prog_cc_c89=
ac_cv_prog_cc_g=yes
ac_cv_prog_make_make_set=yes
ac_cv_search_strerror='none required'
am_cv_CC_dependencies_compiler_type=gcc3
am_cv_make_support_nested_variables=yes
am_cv_prog_cc_c_o=yes
am_cv_prog_cc_stdc=
lt_cv_ar_at_file=@
lt_cv_archive_cmds_need_lc=no
lt_cv_deplibs_check_method=pass_all
lt_cv_file_magic_cmd='$MAGIC_CMD'
lt_cv_file_magic_test_file=
lt_cv_ld_reload_flag=-r
lt_cv_nm_interface='BSD nm'
lt_cv_objdir=.libs
lt_cv_path_LD=/usr/bin/ld
lt_cv_path_NM='/usr/bin/nm -B'
lt_cv_path_mainfest_tool=no
lt_cv_prog_compiler_c_o=yes
lt_cv_prog_compiler_pic='-fPIC -DPIC'
lt_cv_prog_compiler_pic_works=yes
lt_cv_prog_compiler_rtti_exceptions=no
lt_cv_prog_compiler_static_works=yes
lt_cv_prog_gnu_ld=yes
lt_cv_sharedlib_from_linklib_cmd='printf %s\n'
lt_cv_shlibpath_overrides_runpath=no
lt_cv_sys_global_symbol_pipe='sed -n -e '\''s/^.*[	 ]\([ABCDGIRSTW][ABCDGIRSTW]*\)[	 ][	 ]*\([_A-Za-z][_A-Za-z0-9]*\)$/\1 \2 \2/p'\'' | sed '\''/ __gnu_lto/d'\'''
lt_cv_sys_global_symbol_to_c_name_address='sed -n -e '\''s/^: \([^ ]*\)[ ]*$/  {\"\1\", (void *) 0},/p'\'' -e '\''s/^[ABCDGIRSTW]* \([^ ]*\) \([^ ]*\)$/  {"\2", (void *) \&\2},/p'\'''
lt_cv_sys_global_symbol_to_c_name_address_lib_prefix='sed -n -e '\''s/^: \([^ ]*\)[ ]*$/  {\"\1\", (void *) 0},/p'\'' -e '\''s/^[ABCDGIRSTW]* \([^ ]*\) \(lib[^ ]*\)$/  {"\2", (void *) \&\2},/p'\'' -e '\''s/^[ABCDGIRSTW]* \([^ ]*\) \([^ ]*\)$/  {"lib\2", (void *) \&\2},/p'\'''
lt_cv_sys_global_symbol_to_cdecl='sed -n -e '\''s/^T .* \(.*\)$/extern int \1();/p'\'' -e '\''s/^[ABCDGIRSTW]* .* \(.*\)$/extern char \1;/p'\'''
lt_cv_sys_max_cmd_len=1572864
lt_cv_to_host_file_cmd=func_convert_file_noop
lt_cv_to_tool_file_cmd=func_convert_file_noop
pkg_cv_EDJE_CFLAGS='-D_REENTRANT -pthread -I/usr/include/efl-1 -I/usr/include/edje-1 -I/usr//include/luajit-2.0 -I/usr/include/ecore-audio-1 -I/usr/include/ephysics-1 -I/usr/include/efreet-1 -I/usr/include/emile-1 -I/usr/include/eio-1 -I/usr/include/embryo-1 -I/usr/include/ecore-imf-evas-1 -I/usr/include/ecore-imf-1 -I/usr/include/ecore-input-1 -I/usr/include/ecore-file-1 -I/usr/include/ecore-evas-1 -I/usr/include/ecore-1 -I/usr/include/evas-1 -I/usr/include/eet-1 -I/usr/include/eo-1 -I/usr/include/eina-1 -I/usr/include/eina-1/eina -I/usr/include/glib-2.0 -I/usr/lib/i386-linux-gnu/glib-2.0/include -I/usr/include/bullet -I/usr/include/libpng12 -I/usr/include/harfbuzz -I/usr/include/fribidi -I/usr/include/freetype2 -I/usr/include/ector-1 -I/usr/include/ecore-ipc-1 -I/usr/include/ecore-con-1 -I/usr/include/ecore-input-evas-1  '
pkg_cv_EDJE_LIBS='-ledje  '
pkg_cv_EO_CFLAGS='-I/usr/include/efl-1 -I/usr/include/eo-1 -I/usr/include/eina-1 -I/usr/include/eina-1/eina  '
pkg_cv_EO_LIBS='-leo  '
pkg_cv_E_CFLAGS='-DUSE_E_CONFIG_H -pthread -D_REENTRANT -I/usr/include/enlightenment -I/usr/include/efl-1 -I/usr/include/evas-1 -I/usr/include/ecore-1 -I/usr/include/ecore-x-1 -I/usr/include/ecore-evas-1 -I/usr/include/ecore-con-1 -I/usr/include/ecore-ipc-1 -I/usr/include/ecore-file-1 -I/usr/include/eet-1 -I/usr/include/edje-1 -I/usr/include/efreet-1 -I/usr/include/eina-1 -I/usr/include/eina-1/eina -I/usr/include/dbus-1.0 -I/usr/lib/i386-linux-gnu/dbus-1.0/include -I/usr/include/e_dbus-1 -I/usr/include/eio-1 -I/usr/include/eeze-1 -I/usr/include/elementary-1 -I/usr/include/emotion-1 -I/usr/include/libpng12 -I/usr/include/harfbuzz -I/usr/include/fribidi -I/usr/include/freetype2 -I/usr/include/ector-1 -I/usr/include/emile-1 -I/usr/include/eo-1 -I/usr//include/luajit-2.0 -I/usr/include/glib-2.0 -I/usr/lib/i386-linux-gnu/glib-2.0/include -I/usr/include/ecore-input-1 -I/usr/include/ecore-input-evas-1 -I/usr/include/ecore-audio-1 -I/usr/include/ephysics-1 -I/usr/include/embryo-1 -I/usr/include/ecore-imf-evas-1 -I/usr/include/ecore-imf-1 -I/usr/include/bullet -I/usr/include/libmount -I/usr/include/blkid -I/usr/include/uuid -I/usr/include/elocation-1 -I/usr/include/ecore-fb-1 -I/usr/include/ethumb-client-1 -I/usr/include/eldbus-1 -I/usr/include/ethumb-1  '
pkg_cv_E_LIBS='-lecore_x -lecore_ipc -lehal -ledbus -ldbus-1 -leukit -leeze -lelementary -lefl -leina -lpthread -leet -levas -lecore -lecore_evas -lecore_file -lecore_input -ledje -leo -lethumb_client -lecore_imf -lecore_con -leldbus -lefreet -lefreet_mime -lefreet_trash -leio -ldl -lm -lemotion  '

## ----------------- ##
## Output variables. ##
## ----------------- ##

ACLOCAL='${SHELL} /home/bodhi/code/edgar/missing aclocal-1.14'
AMDEPBACKSLASH='\'
AMDEP_FALSE='#'
AMDEP_TRUE=''
AMTAR='$${TAR-tar}'
AM_BACKSLASH='\'
AM_DEFAULT_V='$(AM_DEFAULT_VERBOSITY)'
AM_DEFAULT_VERBOSITY='1'
AM_V='$(V)'
AR='ar'
AUTOCONF='${SHELL} /home/bodhi/code/edgar/missing autoconf'
AUTOHEADER='${SHELL} /home/bodhi/code/edgar/missing autoheader'
AUTOMAKE='${SHELL} /home/bodhi/code/edgar/missing automake-1.14'
AWK='mawk'
CC='gcc'
CCDEPMODE='depmode=gcc3'
CFLAGS='-g -O2'
CPP='gcc -E'
CPPFLAGS=''
CYGPATH_W='echo'
DEFS='-DHAVE_CONFIG_H'
DEPDIR='.deps'
DLLTOOL='false'
DSYMUTIL=''
DUMPBIN=''
ECHO_C=''
ECHO_N='-n'
ECHO_T=''
EDJE_CC='/usr/bin/edje_cc'
EDJE_CFLAGS='-D_REENTRANT -pthread -I/usr/include/efl-1 -I/usr/include/edje-1 -I/usr//include/luajit-2.0 -I/usr/include/ecore-audio-1 -I/usr/include/ephysics-1 -I/usr/include/efreet-1 -I/usr/include/emile-1 -I/usr/include/eio-1 -I/usr/include/embryo-1 -I/usr/include/ecore-imf-evas-1 -I/usr/include/ecore-imf-1 -I/usr/include/ecore-input-1 -I/usr/include/ecore-file-1 -I/usr/include/ecore-evas-1 -I/usr/include/ecore-1 -I/usr/include/evas-1 -I/usr/include/eet-1 -I/usr/include/eo-1 -I/usr/include/eina-1 -I/usr/include/eina-1/eina -I/usr/include/glib-2.0 -I/usr/lib/i386-linux-gnu/glib-2.0/include -I/usr/include/bullet -I/usr/include/libpng12 -I/usr/include/harfbuzz -I/usr/include/fribidi -I/usr/include/freetype2 -I/usr/include/ector-1 -I/usr/include/ecore-ipc-1 -I/usr/include/ecore-con-1 -I/usr/include/ecore-input-evas-1  '
EDJE_LIBS='-ledje  '
EGREP='/bin/grep -E'
EO_CFLAGS='-I/usr/include/efl-1 -I/usr/include/eo-1 -I/usr/include/eina-1 -I/usr/include/eina-1/eina  '
EO_LIBS='-leo  '
EXEEXT=''
E_CFLAGS='-DUSE_E_CONFIG_H -pthread -D_REENTRANT -I/usr/include/enlightenment -I/usr/include/efl-1 -I/usr/include/evas-1 -I/usr/include/ecore-1 -I/usr/include/ecore-x-1 -I/usr/include/ecore-evas-1 -I/usr/include/ecore-con-1 -I/usr/include/ecore-ipc-1 -I/usr/include/ecore-file-1 -I/usr/include/eet-1 -I/usr/include/edje-1 -I/usr/include/efreet-1 -I/usr/include/eina-1 -I/usr/include/eina-1/eina -I/usr/include/dbus-1.0 -I/usr/lib/i386-linux-gnu/dbus-1.0/include -I/usr/include/e_dbus-1 -I/usr/include/eio-1 -I/usr/include/eeze-1 -I/usr/include/elementary-1 -I/usr/include/emotion-1 -I/usr/include/libpng12 -I/usr/include/harfbuzz -I/usr/include/fribidi -I/usr/include/freetype2 -I/usr/include/ector-1 -I/usr/include/emile-1 -I/usr/include/eo-1 -I/usr//include/luajit-2.0 -I/usr/include/glib-2.0 -I/usr/lib/i386-linux-gnu/glib-2.0/include -I/usr/include/ecore-input-1 -I/usr/include/ecore-input-evas-1 -I/usr/include/ecore-audio-1 -I/usr/include/ephysics-1 -I/usr/include/embryo-1 -I/usr/include/ecore-imf-evas-1 -I/usr/include/ecore-imf-1 -I/usr/include/bullet -I/usr/include/libmount -I/usr/include/blkid -I/usr/include/uuid -I/usr/include/elocation-1 -I/usr/include/ecore-fb-1 -I/usr/include/ethumb-client-1 -I/usr/include/eldbus-1 -I/usr/include/ethumb-1  '
E_LIBS='-lecore_x -lecore_ipc -lehal -ledbus -ldbus-1 -leukit -leeze -lelementary -lefl -leina -lpthread -leet -levas -lecore -lecore_evas -lecore_file -lecore_input -ledje -leo -lethumb_client -lecore_imf -lecore_con -leldbus -lefreet -lefreet_mime -lefreet_trash -leio -ldl -lm -lemotion  '
FGREP='/bin/grep -F'
GREP='/bin/grep'
INSTALL_DATA='${INSTALL} -m 644'
INSTALL_PROGRAM='${INSTALL}'
INSTALL_SCRIPT='${INSTALL}'
INSTALL_STRIP_PROGRAM='$(install_sh) -c -s'
LD='/usr/bin/ld'
LDFLAGS=''
LIBOBJS=''
LIBS=''
LIBTOOL='$(SHELL) $(top_builddir)/libtool'
LIPO=''
LN_S='ln -s'
LTLIBOBJS=''
MAKEINFO='${SHELL} /home/bodhi/code/edgar/missing makeinfo'
MANIFEST_TOOL=':'
MKDIR_P='/bin/mkdir -p'
MODULE_ARCH='linux-gnu-i686-0.1.0'
NM='/usr/bin/nm -B'
NMEDIT=''
OBJDUMP='objdump'
OBJEXT='o'
OTOOL64=''
OTOOL=''
PACKAGE='edgar'
PACKAGE_BUGREPORT='dave@gurumeditation.it'
PACKAGE_NAME='edgar'
PACKAGE_STRING='edgar 0.2.0'
PACKAGE_TARNAME='edgar'
PACKAGE_URL=''
PACKAGE_VERSION='0.2.0'
PATH_SEPARATOR=':'
PKG_CONFIG='/usr/bin/pkg-config'
PKG_CONFIG_LIBDIR=''
PKG_CONFIG_PATH=''
PYTHON='python3'
PYTHON_CPPFLAGS='-I/usr/include/python3.4m'
PYTHON_EXTRA_LDFLAGS='-Xlinker -export-dynamic -Wl,-O1 -Wl,-Bsymbolic-functions'
PYTHON_EXTRA_LIBS='-lpthread -ldl  -lutil -lm'
PYTHON_LDFLAGS='-L/usr/lib -lpython3.4m'
PYTHON_SITE_PKG='/usr/lib/python3/dist-packages'
PYTHON_VERSION='3.4'
RANLIB='ranlib'
SED='/bin/sed'
SET_MAKE=''
SHELL='/bin/bash'
STRIP='strip'
VERSION='0.2.0'
ac_ct_AR='ar'
ac_ct_CC='gcc'
ac_ct_DUMPBIN=''
am__EXEEXT_FALSE=''
am__EXEEXT_TRUE='#'
am__fastdepCC_FALSE='#'
am__fastdepCC_TRUE=''
am__include='include'
am__isrc=''
am__leading_dot='.'
am__nodep='_no'
am__quote=''
am__tar='$${TAR-tar} chof - "$$tardir"'
am__untar='$${TAR-tar} xf -'
bindir='${exec_prefix}/bin'
build='i686-pc-linux-gnu'
build_alias=''
build_cpu='i686'
build_os='linux-gnu'
build_vendor='pc'
datadir='/usr/lib/i386-linux-gnu/enlightenment/modules/edgar'
datarootdir='${prefix}/share'
docdir='${datarootdir}/doc/${PACKAGE_TARNAME}'
dvidir='${docdir}'
exec_prefix='${prefix}'
host='i686-pc-linux-gnu'
host_alias=''
host_cpu='i686'
host_os='linux-gnu'
host_vendor='pc'
htmldir='${docdir}'
includedir='${prefix}/include'
infodir='${datarootdir}/info'
install_sh='${SHELL} /home/bodhi/code/edgar/install-sh'
libdir='${exec_prefix}/lib'
libexecdir='${exec_prefix}/libexec'
localedir='${datarootdir}/locale'
localstatedir='${prefix}/var'
mandir='${datarootdir}/man'
mkdir_p='$(MKDIR_P)'
oldincludedir='/usr/include'
pdfdir='${docdir}'
prefix='/usr/local'
program_transform_name='s,x,x,'
psdir='${docdir}'
sbindir='${exec_prefix}/sbin'
sharedstatedir='${prefix}/com'
sysconfdir='${prefix}/etc'
target_alias=''

## ----------- ##
## confdefs.h. ##
## ----------- ##

/* confdefs.h */
#define PACKAGE_NAME "edgar"
#define PACKAGE_TARNAME "edgar"
#define PACKAGE_VERSION "0.2.0"
#define PACKAGE_STRING "edgar 0.2.0"
#define PACKAGE_BUGREPORT "dave@gurumeditation.it"
#define PACKAGE_URL ""
#define PACKAGE "edgar"
#define VERSION "0.2.0"
#define STDC_HEADERS 1
#define HAVE___ATTRIBUTE__ 1
#define HAVE_SYS_TYPES_H 1
#define HAVE_SYS_STAT_H 1
#define HAVE_STDLIB_H 1
#define HAVE_STRING_H 1
#define HAVE_MEMORY_H 1
#define HAVE_STRINGS_H 1
#define HAVE_INTTYPES_H 1
#define HAVE_STDINT_H 1
#define HAVE_UNISTD_H 1
#define HAVE_DLFCN_H 1
#define LT_OBJDIR ".libs/"
#define MODULE_ARCH "linux-gnu-i686-0.1.0"
#define HAVE_PYTHON "3.4"

configure: exit 0

## ---------------------- ##
## Running config.status. ##
## ---------------------- ##

This file was extended by edgar config.status 0.2.0, which was
generated by GNU Autoconf 2.69.  Invocation command line was

  CONFIG_FILES    = 
  CONFIG_HEADERS  = 
  CONFIG_LINKS    = 
  CONFIG_COMMANDS = 
  $ ./config.status config.h

on bodhi-VirtualBox

config.status:1119: creating config.h
config.status:1300: config.h is unchanged

## ---------------------- ##
## Running config.status. ##
## ---------------------- ##

This file was extended by edgar config.status 0.2.0, which was
generated by GNU Autoconf 2.69.  Invocation command line was

  CONFIG_FILES    = 
  CONFIG_HEADERS  = 
  CONFIG_LINKS    = 
  CONFIG_COMMANDS = 
  $ ./config.status module.desktop

on bodhi-VirtualBox

config.status:1119: creating module.desktop
